Microsoft (R) Build Engine version 4.8.9037.0
[Microsoft .NET Framework, version 4.0.30319.42000]
Copyright (C) Microsoft Corporation. All rights reserved.

C:\WINDOWS\Microsoft.NET\Framework64\v4.0.30319\Microsoft.Common.targets(1605,5): warning MSB3267: The primary reference "System.Net.Http", which is a framework assembly, could not be resolved in the currently targeted framework. ".NETFramework,Version=v3.5". To resolve this problem, either remove the reference "System.Net.Http" or retarget your application to a framework version which contains "System.Net.Http". [D:\PRAKASHJ\ALL_DLL_ORIGINAL\INTEGRA_V5\_DLL_ORIGINAL\API\Odette_Web_V5\Odette_Web_V5.csproj]
clsGenerate.cs(82,14): warning CS0219: The variable 'str1' is assigned but its value is never used [D:\PRAKASHJ\ALL_DLL_ORIGINAL\INTEGRA_V5\_DLL_ORIGINAL\API\Odette_Web_V5\Odette_Web_V5.csproj]
clsGenerate.cs(91,14): warning CS0219: The variable 'str5' is assigned but its value is never used [D:\PRAKASHJ\ALL_DLL_ORIGINAL\INTEGRA_V5\_DLL_ORIGINAL\API\Odette_Web_V5\Odette_Web_V5.csproj]
clsGenerate.cs(92,14): warning CS0219: The variable 'str6' is assigned but its value is never used [D:\PRAKASHJ\ALL_DLL_ORIGINAL\INTEGRA_V5\_DLL_ORIGINAL\API\Odette_Web_V5\Odette_Web_V5.csproj]
clsGenerate.cs(205,24): warning CS0219: The variable 'line2' is assigned but its value is never used [D:\PRAKASHJ\ALL_DLL_ORIGINAL\INTEGRA_V5\_DLL_ORIGINAL\API\Odette_Web_V5\Odette_Web_V5.csproj]
clsGenerate.cs(326,46): warning CS0219: The variable 'num4' is assigned but its value is never used [D:\PRAKASHJ\ALL_DLL_ORIGINAL\INTEGRA_V5\_DLL_ORIGINAL\API\Odette_Web_V5\Odette_Web_V5.csproj]
clsGenerate.cs(327,26): warning CS0219: The variable 'num5' is assigned but its value is never used [D:\PRAKASHJ\ALL_DLL_ORIGINAL\INTEGRA_V5\_DLL_ORIGINAL\API\Odette_Web_V5\Odette_Web_V5.csproj]
clsGenerate.cs(538,62): warning CS0219: The variable 'Retvalue' is assigned but its value is never used [D:\PRAKASHJ\ALL_DLL_ORIGINAL\INTEGRA_V5\_DLL_ORIGINAL\API\Odette_Web_V5\Odette_Web_V5.csproj]
clsGenerate.cs(538,76): warning CS0219: The variable 'itemprice' is assigned but its value is never used [D:\PRAKASHJ\ALL_DLL_ORIGINAL\INTEGRA_V5\_DLL_ORIGINAL\API\Odette_Web_V5\Odette_Web_V5.csproj]
clsGenerate.cs(538,91): warning CS0219: The variable 'itemtax' is assigned but its value is never used [D:\PRAKASHJ\ALL_DLL_ORIGINAL\INTEGRA_V5\_DLL_ORIGINAL\API\Odette_Web_V5\Odette_Web_V5.csproj]
clsGenerate.cs(538,104): warning CS0219: The variable 'itemntamt' is assigned but its value is never used [D:\PRAKASHJ\ALL_DLL_ORIGINAL\INTEGRA_V5\_DLL_ORIGINAL\API\Odette_Web_V5\Odette_Web_V5.csproj]
clsGenerate.cs(538,119): warning CS0219: The variable 'itemdis' is assigned but its value is never used [D:\PRAKASHJ\ALL_DLL_ORIGINAL\INTEGRA_V5\_DLL_ORIGINAL\API\Odette_Web_V5\Odette_Web_V5.csproj]
clsGenerate.cs(539,43): warning CS0219: The variable 'payname' is assigned but its value is never used [D:\PRAKASHJ\ALL_DLL_ORIGINAL\INTEGRA_V5\_DLL_ORIGINAL\API\Odette_Web_V5\Odette_Web_V5.csproj]
clsGenerate.cs(541,29): warning CS0219: The variable 'Tendervalue' is assigned but its value is never used [D:\PRAKASHJ\ALL_DLL_ORIGINAL\INTEGRA_V5\_DLL_ORIGINAL\API\Odette_Web_V5\Odette_Web_V5.csproj]
clsGenerate.cs(975,34): warning CS0168: The variable 'ex' is declared but never used [D:\PRAKASHJ\ALL_DLL_ORIGINAL\INTEGRA_V5\_DLL_ORIGINAL\API\Odette_Web_V5\Odette_Web_V5.csproj]
clsGenerate.cs(1038,38): warning CS0168: The variable 'ex' is declared but never used [D:\PRAKASHJ\ALL_DLL_ORIGINAL\INTEGRA_V5\_DLL_ORIGINAL\API\Odette_Web_V5\Odette_Web_V5.csproj]
clsGenerate.cs(1167,26): warning CS0168: The variable 'ex' is declared but never used [D:\PRAKASHJ\ALL_DLL_ORIGINAL\INTEGRA_V5\_DLL_ORIGINAL\API\Odette_Web_V5\Odette_Web_V5.csproj]
Encryption.cs(25,52): warning CS0168: The variable 'ex' is declared but never used [D:\PRAKASHJ\ALL_DLL_ORIGINAL\INTEGRA_V5\_DLL_ORIGINAL\API\Odette_Web_V5\Odette_Web_V5.csproj]
Encryption.cs(46,52): warning CS0168: The variable 'ex' is declared but never used [D:\PRAKASHJ\ALL_DLL_ORIGINAL\INTEGRA_V5\_DLL_ORIGINAL\API\Odette_Web_V5\Odette_Web_V5.csproj]
Encryption.cs(66,52): warning CS0168: The variable 'ex' is declared but never used [D:\PRAKASHJ\ALL_DLL_ORIGINAL\INTEGRA_V5\_DLL_ORIGINAL\API\Odette_Web_V5\Odette_Web_V5.csproj]
  Odette_Web_V5 -> D:\PRAKASHJ\ALL_DLL_ORIGINAL\INTEGRA_V5\_DLL_ORIGINAL\API\Odette_Web_V5\bin\Debug\builder\DCIA.dll

=== STDERR ===
